[DEBUG] 15:20:12.053 - Initializing a web driver for selenium version 4.4.0  - logger% utilities.Driver.getDriver(Driver.java:33)
[INFO] 15:20:12.054 - Loadingsaucelabsbrowser - logger% utilities.Driver.getDriver(Driver.java:35)
[DEBUG] 15:20:12.123 - Using Log4J2 as the default logging framework - logger% io.netty.util.internal.logging.InternalLoggerFactory.useLog4J2LoggerFactory(InternalLoggerFactory.java:76)
[DEBUG] 15:20:12.125 - -Dio.netty.leakDetection.level: simple - logger% io.netty.util.ResourceLeakDetector.<clinit>(ResourceLeakDetector.java:129)
[DEBUG] 15:20:12.125 - -Dio.netty.leakDetection.targetRecords: 4 - logger% io.netty.util.ResourceLeakDetector.<clinit>(ResourceLeakDetector.java:130)
[DEBUG] 15:20:12.127 - Loaded default ResourceLeakDetector: io.netty.util.ResourceLeakDetector@2dcd168a - logger% io.netty.util.ResourceLeakDetectorFactory$DefaultResourceLeakDetectorFactory.newResourceLeakDetector(ResourceLeakDetectorFactory.java:196)
[DEBUG] 15:20:12.135 - -Dio.netty.noUnsafe: false - logger% io.netty.util.internal.PlatformDependent0.explicitNoUnsafeCause0(PlatformDependent0.java:495)
[DEBUG] 15:20:12.135 - Java version: 17 - logger% io.netty.util.internal.PlatformDependent0.javaVersion0(PlatformDependent0.java:998)
[DEBUG] 15:20:12.136 - sun.misc.Unsafe.theUnsafe: available - logger% io.netty.util.internal.PlatformDependent0.<clinit>(PlatformDependent0.java:136)
[DEBUG] 15:20:12.136 - sun.misc.Unsafe.copyMemory: available - logger% io.netty.util.internal.PlatformDependent0.<clinit>(PlatformDependent0.java:160)
[DEBUG] 15:20:12.136 - sun.misc.Unsafe.storeFence: available - logger% io.netty.util.internal.PlatformDependent0.<clinit>(PlatformDependent0.java:192)
[DEBUG] 15:20:12.136 - java.nio.Buffer.address: available - logger% io.netty.util.internal.PlatformDependent0.<clinit>(PlatformDependent0.java:235)
[DEBUG] 15:20:12.137 - direct buffer constructor: unavailable: Reflective setAccessible(true) disabled - logger% io.netty.util.internal.PlatformDependent0.<clinit>(PlatformDependent0.java:319)
[DEBUG] 15:20:12.137 - java.nio.Bits.unaligned: available, true - logger% io.netty.util.internal.PlatformDependent0.<clinit>(PlatformDependent0.java:384)
[DEBUG] 15:20:12.137 - jdk.internal.misc.Unsafe.allocateUninitializedArray(int): unavailable: class io.netty.util.internal.PlatformDependent0$7 cannot access class jdk.internal.misc.Unsafe (in module java.base) because module java.base does not export jdk.internal.misc to unnamed module @4f47d241 - logger% io.netty.util.internal.PlatformDependent0.<clinit>(PlatformDependent0.java:451)
[DEBUG] 15:20:12.138 - java.nio.DirectByteBuffer.<init>(long, int): unavailable - logger% io.netty.util.internal.PlatformDependent0.<clinit>(PlatformDependent0.java:481)
[DEBUG] 15:20:12.138 - sun.misc.Unsafe: available - logger% io.netty.util.internal.PlatformDependent.unsafeUnavailabilityCause0(PlatformDependent.java:1120)
[DEBUG] 15:20:12.138 - maxDirectMemory: 4294967296 bytes (maybe) - logger% io.netty.util.internal.PlatformDependent.estimateMaxDirectMemory(PlatformDependent.java:1231)
[DEBUG] 15:20:12.139 - -Dio.netty.tmpdir: /var/folders/8n/4j9gd2h17m15n1p9p99_9tx00000gn/T (java.io.tmpdir) - logger% io.netty.util.internal.PlatformDependent.tmpdir0(PlatformDependent.java:1250)
[DEBUG] 15:20:12.139 - -Dio.netty.bitMode: 64 (sun.arch.data.model) - logger% io.netty.util.internal.PlatformDependent.bitMode0(PlatformDependent.java:1329)
[DEBUG] 15:20:12.139 - Platform: MacOS - logger% io.netty.util.internal.PlatformDependent.isOsx0(PlatformDependent.java:1088)
[DEBUG] 15:20:12.139 - -Dio.netty.maxDirectMemory: -1 bytes - logger% io.netty.util.internal.PlatformDependent.<clinit>(PlatformDependent.java:178)
[DEBUG] 15:20:12.139 - -Dio.netty.uninitializedArrayAllocationThreshold: -1 - logger% io.netty.util.internal.PlatformDependent.<clinit>(PlatformDependent.java:185)
[DEBUG] 15:20:12.140 - java.nio.ByteBuffer.cleaner(): available - logger% io.netty.util.internal.CleanerJava9.<clinit>(CleanerJava9.java:71)
[DEBUG] 15:20:12.140 - -Dio.netty.noPreferDirect: false - logger% io.netty.util.internal.PlatformDependent.<clinit>(PlatformDependent.java:205)
[DEBUG] 15:20:12.143 - org.jctools-core.MpscChunkedArrayQueue: available - logger% io.netty.util.internal.PlatformDependent$Mpsc.<clinit>(PlatformDependent.java:971)
[DEBUG] 15:20:12.155 - -Dio.netty.threadLocalMap.stringBuilder.initialSize: 1024 - logger% io.netty.util.internal.InternalThreadLocalMap.<clinit>(InternalThreadLocalMap.java:86)
[DEBUG] 15:20:12.155 - -Dio.netty.threadLocalMap.stringBuilder.maxSize: 4096 - logger% io.netty.util.internal.InternalThreadLocalMap.<clinit>(InternalThreadLocalMap.java:89)
[DEBUG] 15:20:12.242 - Default protocols (JDK): [TLSv1.3, TLSv1.2]  - logger% io.netty.handler.ssl.JdkSslContext.<clinit>(JdkSslContext.java:83)
[DEBUG] 15:20:12.242 - Default cipher suites (JDK): [TLS_ECDHE_ECDSA_WITH_AES_256_GCM_SHA384, TLS_ECDHE_ECDSA_WITH_AES_128_GCM_SHA256, TLS_ECDHE_RSA_WITH_AES_128_GCM_SHA256, TLS_ECDHE_RSA_WITH_AES_256_GCM_SHA384, TLS_ECDHE_RSA_WITH_AES_128_CBC_SHA, TLS_ECDHE_RSA_WITH_AES_256_CBC_SHA, TLS_RSA_WITH_AES_128_GCM_SHA256, TLS_RSA_WITH_AES_128_CBC_SHA, TLS_RSA_WITH_AES_256_CBC_SHA, TLS_AES_128_GCM_SHA256, TLS_AES_256_GCM_SHA384] - logger% io.netty.handler.ssl.JdkSslContext.<clinit>(JdkSslContext.java:84)
[DEBUG] 15:20:12.253 - -Dio.netty.eventLoopThreads: 16 - logger% io.netty.channel.MultithreadEventLoopGroup.<clinit>(MultithreadEventLoopGroup.java:44)
[DEBUG] 15:20:12.272 - -Dio.netty.noKeySetOptimization: false - logger% io.netty.channel.nio.NioEventLoop.<clinit>(NioEventLoop.java:109)
[DEBUG] 15:20:12.272 - -Dio.netty.selectorAutoRebuildThreshold: 512 - logger% io.netty.channel.nio.NioEventLoop.<clinit>(NioEventLoop.java:110)
[DEBUG] 15:20:12.287 - -Dio.netty.allocator.numHeapArenas: 16 - logger% io.netty.buffer.PooledByteBufAllocator.<clinit>(PooledByteBufAllocator.java:157)
[DEBUG] 15:20:12.287 - -Dio.netty.allocator.numDirectArenas: 16 - logger% io.netty.buffer.PooledByteBufAllocator.<clinit>(PooledByteBufAllocator.java:158)
[DEBUG] 15:20:12.287 - -Dio.netty.allocator.pageSize: 8192 - logger% io.netty.buffer.PooledByteBufAllocator.<clinit>(PooledByteBufAllocator.java:160)
[DEBUG] 15:20:12.287 - -Dio.netty.allocator.maxOrder: 9 - logger% io.netty.buffer.PooledByteBufAllocator.<clinit>(PooledByteBufAllocator.java:165)
[DEBUG] 15:20:12.288 - -Dio.netty.allocator.chunkSize: 4194304 - logger% io.netty.buffer.PooledByteBufAllocator.<clinit>(PooledByteBufAllocator.java:169)
[DEBUG] 15:20:12.288 - -Dio.netty.allocator.smallCacheSize: 256 - logger% io.netty.buffer.PooledByteBufAllocator.<clinit>(PooledByteBufAllocator.java:170)
[DEBUG] 15:20:12.288 - -Dio.netty.allocator.normalCacheSize: 64 - logger% io.netty.buffer.PooledByteBufAllocator.<clinit>(PooledByteBufAllocator.java:171)
[DEBUG] 15:20:12.288 - -Dio.netty.allocator.maxCachedBufferCapacity: 32768 - logger% io.netty.buffer.PooledByteBufAllocator.<clinit>(PooledByteBufAllocator.java:172)
[DEBUG] 15:20:12.288 - -Dio.netty.allocator.cacheTrimInterval: 8192 - logger% io.netty.buffer.PooledByteBufAllocator.<clinit>(PooledByteBufAllocator.java:173)
[DEBUG] 15:20:12.288 - -Dio.netty.allocator.cacheTrimIntervalMillis: 0 - logger% io.netty.buffer.PooledByteBufAllocator.<clinit>(PooledByteBufAllocator.java:174)
[DEBUG] 15:20:12.288 - -Dio.netty.allocator.useCacheForAllThreads: false - logger% io.netty.buffer.PooledByteBufAllocator.<clinit>(PooledByteBufAllocator.java:175)
[DEBUG] 15:20:12.288 - -Dio.netty.allocator.maxCachedByteBuffersPerChunk: 1023 - logger% io.netty.buffer.PooledByteBufAllocator.<clinit>(PooledByteBufAllocator.java:176)
[DEBUG] 15:20:12.294 - -Dio.netty.allocator.type: pooled - logger% io.netty.buffer.ByteBufUtil.<clinit>(ByteBufUtil.java:87)
[DEBUG] 15:20:12.294 - -Dio.netty.threadLocalDirectBufferSize: 0 - logger% io.netty.buffer.ByteBufUtil.<clinit>(ByteBufUtil.java:96)
[DEBUG] 15:20:12.294 - -Dio.netty.maxThreadLocalCharBufferSize: 16384 - logger% io.netty.buffer.ByteBufUtil.<clinit>(ByteBufUtil.java:99)
