[DEBUG] 23:29:50.379 - Initializing a web driver for selenium version 4.4.0  - logger% utilities.Driver.getDriver(Driver.java:32)
[INFO] 23:29:50.381 - Loadingchromebrowser - logger% utilities.Driver.getDriver(Driver.java:34)
[DEBUG] 23:30:10.600 - Using Log4J2 as the default logging framework - logger% io.netty.util.internal.logging.InternalLoggerFactory.useLog4J2LoggerFactory(InternalLoggerFactory.java:76)
[DEBUG] 23:30:10.602 - -Dio.netty.leakDetection.level: simple - logger% io.netty.util.ResourceLeakDetector.<clinit>(ResourceLeakDetector.java:129)
[DEBUG] 23:30:10.602 - -Dio.netty.leakDetection.targetRecords: 4 - logger% io.netty.util.ResourceLeakDetector.<clinit>(ResourceLeakDetector.java:130)
[DEBUG] 23:30:10.604 - Loaded default ResourceLeakDetector: io.netty.util.ResourceLeakDetector@6bff19ff - logger% io.netty.util.ResourceLeakDetectorFactory$DefaultResourceLeakDetectorFactory.newResourceLeakDetector(ResourceLeakDetectorFactory.java:196)
[DEBUG] 23:30:10.610 - -Dio.netty.noUnsafe: false - logger% io.netty.util.internal.PlatformDependent0.explicitNoUnsafeCause0(PlatformDependent0.java:495)
[DEBUG] 23:30:10.611 - Java version: 18 - logger% io.netty.util.internal.PlatformDependent0.javaVersion0(PlatformDependent0.java:998)
[DEBUG] 23:30:10.611 - sun.misc.Unsafe.theUnsafe: available - logger% io.netty.util.internal.PlatformDependent0.<clinit>(PlatformDependent0.java:136)
[DEBUG] 23:30:10.612 - sun.misc.Unsafe.copyMemory: available - logger% io.netty.util.internal.PlatformDependent0.<clinit>(PlatformDependent0.java:160)
[DEBUG] 23:30:10.612 - sun.misc.Unsafe.storeFence: available - logger% io.netty.util.internal.PlatformDependent0.<clinit>(PlatformDependent0.java:192)
[DEBUG] 23:30:10.612 - java.nio.Buffer.address: available - logger% io.netty.util.internal.PlatformDependent0.<clinit>(PlatformDependent0.java:235)
[DEBUG] 23:30:10.612 - direct buffer constructor: unavailable: Reflective setAccessible(true) disabled - logger% io.netty.util.internal.PlatformDependent0.<clinit>(PlatformDependent0.java:319)
[DEBUG] 23:30:10.612 - java.nio.Bits.unaligned: available, true - logger% io.netty.util.internal.PlatformDependent0.<clinit>(PlatformDependent0.java:384)
[DEBUG] 23:30:10.613 - jdk.internal.misc.Unsafe.allocateUninitializedArray(int): unavailable: class io.netty.util.internal.PlatformDependent0$7 cannot access class jdk.internal.misc.Unsafe (in module java.base) because module java.base does not export jdk.internal.misc to unnamed module @2e5c649 - logger% io.netty.util.internal.PlatformDependent0.<clinit>(PlatformDependent0.java:451)
[DEBUG] 23:30:10.614 - java.nio.DirectByteBuffer.<init>(long, int): unavailable - logger% io.netty.util.internal.PlatformDependent0.<clinit>(PlatformDependent0.java:481)
[DEBUG] 23:30:10.614 - sun.misc.Unsafe: available - logger% io.netty.util.internal.PlatformDependent.unsafeUnavailabilityCause0(PlatformDependent.java:1120)
[DEBUG] 23:30:10.614 - maxDirectMemory: 4294967296 bytes (maybe) - logger% io.netty.util.internal.PlatformDependent.estimateMaxDirectMemory(PlatformDependent.java:1231)
[DEBUG] 23:30:10.614 - -Dio.netty.tmpdir: /var/folders/8n/4j9gd2h17m15n1p9p99_9tx00000gn/T (java.io.tmpdir) - logger% io.netty.util.internal.PlatformDependent.tmpdir0(PlatformDependent.java:1250)
[DEBUG] 23:30:10.614 - -Dio.netty.bitMode: 64 (sun.arch.data.model) - logger% io.netty.util.internal.PlatformDependent.bitMode0(PlatformDependent.java:1329)
[DEBUG] 23:30:10.615 - Platform: MacOS - logger% io.netty.util.internal.PlatformDependent.isOsx0(PlatformDependent.java:1088)
[DEBUG] 23:30:10.615 - -Dio.netty.maxDirectMemory: -1 bytes - logger% io.netty.util.internal.PlatformDependent.<clinit>(PlatformDependent.java:178)
[DEBUG] 23:30:10.615 - -Dio.netty.uninitializedArrayAllocationThreshold: -1 - logger% io.netty.util.internal.PlatformDependent.<clinit>(PlatformDependent.java:185)
[DEBUG] 23:30:10.615 - java.nio.ByteBuffer.cleaner(): available - logger% io.netty.util.internal.CleanerJava9.<clinit>(CleanerJava9.java:71)
[DEBUG] 23:30:10.616 - -Dio.netty.noPreferDirect: false - logger% io.netty.util.internal.PlatformDependent.<clinit>(PlatformDependent.java:205)
[DEBUG] 23:30:10.618 - org.jctools-core.MpscChunkedArrayQueue: available - logger% io.netty.util.internal.PlatformDependent$Mpsc.<clinit>(PlatformDependent.java:971)
[DEBUG] 23:30:10.628 - -Dio.netty.threadLocalMap.stringBuilder.initialSize: 1024 - logger% io.netty.util.internal.InternalThreadLocalMap.<clinit>(InternalThreadLocalMap.java:86)
[DEBUG] 23:30:10.628 - -Dio.netty.threadLocalMap.stringBuilder.maxSize: 4096 - logger% io.netty.util.internal.InternalThreadLocalMap.<clinit>(InternalThreadLocalMap.java:89)
[DEBUG] 23:30:10.634 - Default protocols (JDK): [TLSv1.3, TLSv1.2]  - logger% io.netty.handler.ssl.JdkSslContext.<clinit>(JdkSslContext.java:83)
[DEBUG] 23:30:10.635 - Default cipher suites (JDK): [TLS_ECDHE_ECDSA_WITH_AES_256_GCM_SHA384, TLS_ECDHE_ECDSA_WITH_AES_128_GCM_SHA256, TLS_ECDHE_RSA_WITH_AES_128_GCM_SHA256, TLS_ECDHE_RSA_WITH_AES_256_GCM_SHA384, TLS_ECDHE_RSA_WITH_AES_128_CBC_SHA, TLS_ECDHE_RSA_WITH_AES_256_CBC_SHA, TLS_RSA_WITH_AES_128_GCM_SHA256, TLS_RSA_WITH_AES_128_CBC_SHA, TLS_RSA_WITH_AES_256_CBC_SHA, TLS_AES_128_GCM_SHA256, TLS_AES_256_GCM_SHA384] - logger% io.netty.handler.ssl.JdkSslContext.<clinit>(JdkSslContext.java:84)
[DEBUG] 23:30:10.643 - -Dio.netty.eventLoopThreads: 16 - logger% io.netty.channel.MultithreadEventLoopGroup.<clinit>(MultithreadEventLoopGroup.java:44)
[DEBUG] 23:30:10.646 - -Dio.netty.noKeySetOptimization: false - logger% io.netty.channel.nio.NioEventLoop.<clinit>(NioEventLoop.java:109)
[DEBUG] 23:30:10.646 - -Dio.netty.selectorAutoRebuildThreshold: 512 - logger% io.netty.channel.nio.NioEventLoop.<clinit>(NioEventLoop.java:110)
[DEBUG] 23:30:10.657 - -Dio.netty.allocator.numHeapArenas: 16 - logger% io.netty.buffer.PooledByteBufAllocator.<clinit>(PooledByteBufAllocator.java:157)
[DEBUG] 23:30:10.657 - -Dio.netty.allocator.numDirectArenas: 16 - logger% io.netty.buffer.PooledByteBufAllocator.<clinit>(PooledByteBufAllocator.java:158)
[DEBUG] 23:30:10.657 - -Dio.netty.allocator.pageSize: 8192 - logger% io.netty.buffer.PooledByteBufAllocator.<clinit>(PooledByteBufAllocator.java:160)
[DEBUG] 23:30:10.657 - -Dio.netty.allocator.maxOrder: 9 - logger% io.netty.buffer.PooledByteBufAllocator.<clinit>(PooledByteBufAllocator.java:165)
[DEBUG] 23:30:10.657 - -Dio.netty.allocator.chunkSize: 4194304 - logger% io.netty.buffer.PooledByteBufAllocator.<clinit>(PooledByteBufAllocator.java:169)
[DEBUG] 23:30:10.657 - -Dio.netty.allocator.smallCacheSize: 256 - logger% io.netty.buffer.PooledByteBufAllocator.<clinit>(PooledByteBufAllocator.java:170)
[DEBUG] 23:30:10.658 - -Dio.netty.allocator.normalCacheSize: 64 - logger% io.netty.buffer.PooledByteBufAllocator.<clinit>(PooledByteBufAllocator.java:171)
[DEBUG] 23:30:10.658 - -Dio.netty.allocator.maxCachedBufferCapacity: 32768 - logger% io.netty.buffer.PooledByteBufAllocator.<clinit>(PooledByteBufAllocator.java:172)
[DEBUG] 23:30:10.658 - -Dio.netty.allocator.cacheTrimInterval: 8192 - logger% io.netty.buffer.PooledByteBufAllocator.<clinit>(PooledByteBufAllocator.java:173)
[DEBUG] 23:30:10.658 - -Dio.netty.allocator.cacheTrimIntervalMillis: 0 - logger% io.netty.buffer.PooledByteBufAllocator.<clinit>(PooledByteBufAllocator.java:174)
[DEBUG] 23:30:10.658 - -Dio.netty.allocator.useCacheForAllThreads: false - logger% io.netty.buffer.PooledByteBufAllocator.<clinit>(PooledByteBufAllocator.java:175)
[DEBUG] 23:30:10.658 - -Dio.netty.allocator.maxCachedByteBuffersPerChunk: 1023 - logger% io.netty.buffer.PooledByteBufAllocator.<clinit>(PooledByteBufAllocator.java:176)
[DEBUG] 23:30:10.662 - -Dio.netty.allocator.type: pooled - logger% io.netty.buffer.ByteBufUtil.<clinit>(ByteBufUtil.java:87)
[DEBUG] 23:30:10.662 - -Dio.netty.threadLocalDirectBufferSize: 0 - logger% io.netty.buffer.ByteBufUtil.<clinit>(ByteBufUtil.java:96)
[DEBUG] 23:30:10.662 - -Dio.netty.maxThreadLocalCharBufferSize: 16384 - logger% io.netty.buffer.ByteBufUtil.<clinit>(ByteBufUtil.java:99)
[DEBUG] 23:30:11.084 - -Dio.netty.processId: 39398 (auto-detected) - logger% io.netty.channel.DefaultChannelId.<clinit>(DefaultChannelId.java:79)
[DEBUG] 23:30:11.085 - -Djava.net.preferIPv4Stack: false - logger% io.netty.util.NetUtil.<clinit>(NetUtil.java:136)
[DEBUG] 23:30:11.085 - -Djava.net.preferIPv6Addresses: false - logger% io.netty.util.NetUtil.<clinit>(NetUtil.java:137)
[DEBUG] 23:30:11.088 - Loopback interface: lo0 (lo0, 0:0:0:0:0:0:0:1%lo0) - logger% io.netty.util.NetUtilInitializations.determineLoopback(NetUtilInitializations.java:129)
[DEBUG] 23:30:11.089 - Failed to get SOMAXCONN from sysctl and file /proc/sys/net/core/somaxconn. Default: 128 - logger% io.netty.util.NetUtil$SoMaxConnAction.run(NetUtil.java:191)
[DEBUG] 23:30:11.090 - -Dio.netty.machineId: bc:d0:74:ff:fe:34:2c:09 (auto-detected) - logger% io.netty.channel.DefaultChannelId.<clinit>(DefaultChannelId.java:101)
[DEBUG] 23:30:11.105 - -Dio.netty.buffer.checkAccessible: true - logger% io.netty.buffer.AbstractByteBuf.<clinit>(AbstractByteBuf.java:63)
[DEBUG] 23:30:11.105 - -Dio.netty.buffer.checkBounds: true - logger% io.netty.buffer.AbstractByteBuf.<clinit>(AbstractByteBuf.java:64)
[DEBUG] 23:30:11.106 - Loaded default ResourceLeakDetector: io.netty.util.ResourceLeakDetector@1143e39f - logger% io.netty.util.ResourceLeakDetectorFactory$DefaultResourceLeakDetectorFactory.newResourceLeakDetector(ResourceLeakDetectorFactory.java:196)
[DEBUG] 23:30:11.113 - -Dio.netty.recycler.maxCapacityPerThread: 4096 - logger% io.netty.util.Recycler.<clinit>(Recycler.java:85)
[DEBUG] 23:30:11.113 - -Dio.netty.recycler.ratio: 8 - logger% io.netty.util.Recycler.<clinit>(Recycler.java:86)
[DEBUG] 23:30:11.113 - -Dio.netty.recycler.chunkSize: 32 - logger% io.netty.util.Recycler.<clinit>(Recycler.java:87)
[DEBUG] 23:30:11.113 - -Dio.netty.recycler.blocking: false - logger% io.netty.util.Recycler.<clinit>(Recycler.java:88)
[DEBUG] 23:30:13.759 - brotli4j not in the classpath; Brotli support will be unavailable. - logger% io.netty.handler.codec.compression.Brotli.<clinit>(Brotli.java:38)
[DEBUG] 23:30:13.808 - -Dio.netty.initialSeedUniquifier: 0x6422b3aed8f736f1 - logger% io.netty.util.internal.ThreadLocalRandom.newSeed(ThreadLocalRandom.java:214)
[INFO] 23:30:28.930 - Closing driver - logger% utilities.Driver.closeDriver(Driver.java:64)
